  Win32Analyser.c
d:\_projekte\checkdotnet\win32_loader_analyser\win32analyser.c(130): warning C4047: "Funktion": Anzahl der Dereferenzierungen bei "DWORD" und "void *" unterschiedlich
d:\_projekte\checkdotnet\win32_loader_analyser\win32analyser.c(130): warning C4024: "RegistryGetValue": unterschiedliche Typen für formalen und übergebenen Parameter 4
d:\_projekte\checkdotnet\win32_loader_analyser\win32analyser.c(149): warning C4047: "Funktion": Anzahl der Dereferenzierungen bei "DWORD" und "void *" unterschiedlich
d:\_projekte\checkdotnet\win32_loader_analyser\win32analyser.c(149): warning C4024: "RegistryGetValue": unterschiedliche Typen für formalen und übergebenen Parameter 4
d:\_projekte\checkdotnet\win32_loader_analyser\win32analyser.c(177): warning C4047: "Funktion": Anzahl der Dereferenzierungen bei "DWORD" und "void *" unterschiedlich
d:\_projekte\checkdotnet\win32_loader_analyser\win32analyser.c(177): warning C4024: "RegistryGetValue": unterschiedliche Typen für formalen und übergebenen Parameter 4
d:\_projekte\checkdotnet\win32_loader_analyser\win32analyser.c(206): warning C4047: "Funktion": Anzahl der Dereferenzierungen bei "DWORD" und "void *" unterschiedlich
d:\_projekte\checkdotnet\win32_loader_analyser\win32analyser.c(206): warning C4024: "RegistryGetValue": unterschiedliche Typen für formalen und übergebenen Parameter 4
d:\_projekte\checkdotnet\win32_loader_analyser\win32analyser.c(238): warning C4047: "Funktion": Anzahl der Dereferenzierungen bei "DWORD" und "void *" unterschiedlich
d:\_projekte\checkdotnet\win32_loader_analyser\win32analyser.c(238): warning C4024: "RegistryGetValue": unterschiedliche Typen für formalen und übergebenen Parameter 4
d:\_projekte\checkdotnet\win32_loader_analyser\win32analyser.c(267): warning C4047: "Funktion": Anzahl der Dereferenzierungen bei "DWORD" und "void *" unterschiedlich
d:\_projekte\checkdotnet\win32_loader_analyser\win32analyser.c(267): warning C4024: "RegistryGetValue": unterschiedliche Typen für formalen und übergebenen Parameter 4
d:\_projekte\checkdotnet\win32_loader_analyser\win32analyser.c(299): warning C4047: "Funktion": Anzahl der Dereferenzierungen bei "DWORD" und "void *" unterschiedlich
d:\_projekte\checkdotnet\win32_loader_analyser\win32analyser.c(299): warning C4024: "RegistryGetValue": unterschiedliche Typen für formalen und übergebenen Parameter 4
d:\_projekte\checkdotnet\win32_loader_analyser\win32analyser.c(331): warning C4047: "Funktion": Anzahl der Dereferenzierungen bei "DWORD" und "void *" unterschiedlich
d:\_projekte\checkdotnet\win32_loader_analyser\win32analyser.c(331): warning C4024: "RegistryGetValue": unterschiedliche Typen für formalen und übergebenen Parameter 4
d:\_projekte\checkdotnet\win32_loader_analyser\win32analyser.c(333): warning C4018: "<=": Konflikt zwischen "signed" und "unsigned"
d:\_projekte\checkdotnet\win32_loader_analyser\win32analyser.c(360): warning C4047: "Funktion": Anzahl der Dereferenzierungen bei "DWORD" und "void *" unterschiedlich
d:\_projekte\checkdotnet\win32_loader_analyser\win32analyser.c(360): warning C4024: "RegistryGetValue": unterschiedliche Typen für formalen und übergebenen Parameter 4
d:\_projekte\checkdotnet\win32_loader_analyser\win32analyser.c(362): warning C4018: "<=": Konflikt zwischen "signed" und "unsigned"
d:\_projekte\checkdotnet\win32_loader_analyser\win32analyser.c(389): warning C4047: "Funktion": Anzahl der Dereferenzierungen bei "DWORD" und "void *" unterschiedlich
d:\_projekte\checkdotnet\win32_loader_analyser\win32analyser.c(389): warning C4024: "RegistryGetValue": unterschiedliche Typen für formalen und übergebenen Parameter 4
d:\_projekte\checkdotnet\win32_loader_analyser\win32analyser.c(391): warning C4018: "<=": Konflikt zwischen "signed" und "unsigned"
d:\_projekte\checkdotnet\win32_loader_analyser\win32analyser.c(418): warning C4047: "Funktion": Anzahl der Dereferenzierungen bei "DWORD" und "void *" unterschiedlich
d:\_projekte\checkdotnet\win32_loader_analyser\win32analyser.c(418): warning C4024: "RegistryGetValue": unterschiedliche Typen für formalen und übergebenen Parameter 4
d:\_projekte\checkdotnet\win32_loader_analyser\win32analyser.c(420): warning C4018: "<=": Konflikt zwischen "signed" und "unsigned"
d:\_projekte\checkdotnet\win32_loader_analyser\win32analyser.c(447): warning C4047: "Funktion": Anzahl der Dereferenzierungen bei "DWORD" und "void *" unterschiedlich
d:\_projekte\checkdotnet\win32_loader_analyser\win32analyser.c(447): warning C4024: "RegistryGetValue": unterschiedliche Typen für formalen und übergebenen Parameter 4
d:\_projekte\checkdotnet\win32_loader_analyser\win32analyser.c(449): warning C4018: "<=": Konflikt zwischen "signed" und "unsigned"
d:\_projekte\checkdotnet\win32_loader_analyser\win32analyser.c(475): warning C4047: "Funktion": Anzahl der Dereferenzierungen bei "DWORD" und "void *" unterschiedlich
d:\_projekte\checkdotnet\win32_loader_analyser\win32analyser.c(475): warning C4024: "RegistryGetValue": unterschiedliche Typen für formalen und übergebenen Parameter 4
d:\_projekte\checkdotnet\win32_loader_analyser\win32analyser.c(477): warning C4018: "<=": Konflikt zwischen "signed" und "unsigned"
d:\_projekte\checkdotnet\win32_loader_analyser\win32analyser.c(503): warning C4047: "Funktion": Anzahl der Dereferenzierungen bei "DWORD" und "void *" unterschiedlich
d:\_projekte\checkdotnet\win32_loader_analyser\win32analyser.c(503): warning C4024: "RegistryGetValue": unterschiedliche Typen für formalen und übergebenen Parameter 4
d:\_projekte\checkdotnet\win32_loader_analyser\win32analyser.c(505): warning C4018: "<=": Konflikt zwischen "signed" und "unsigned"
d:\_projekte\checkdotnet\win32_loader_analyser\win32analyser.c(531): warning C4047: "Funktion": Anzahl der Dereferenzierungen bei "DWORD" und "void *" unterschiedlich
d:\_projekte\checkdotnet\win32_loader_analyser\win32analyser.c(531): warning C4024: "RegistryGetValue": unterschiedliche Typen für formalen und übergebenen Parameter 4
d:\_projekte\checkdotnet\win32_loader_analyser\win32analyser.c(533): warning C4018: "<=": Konflikt zwischen "signed" und "unsigned"
d:\_projekte\checkdotnet\win32_loader_analyser\win32analyser.c(559): warning C4047: "Funktion": Anzahl der Dereferenzierungen bei "DWORD" und "void *" unterschiedlich
d:\_projekte\checkdotnet\win32_loader_analyser\win32analyser.c(559): warning C4024: "RegistryGetValue": unterschiedliche Typen für formalen und übergebenen Parameter 4
d:\_projekte\checkdotnet\win32_loader_analyser\win32analyser.c(561): warning C4018: "<=": Konflikt zwischen "signed" und "unsigned"
d:\_projekte\checkdotnet\win32_loader_analyser\win32analyser.c(585): warning C4047: "Funktion": Anzahl der Dereferenzierungen bei "DWORD" und "void *" unterschiedlich
d:\_projekte\checkdotnet\win32_loader_analyser\win32analyser.c(585): warning C4024: "RegistryGetValue": unterschiedliche Typen für formalen und übergebenen Parameter 4
d:\_projekte\checkdotnet\win32_loader_analyser\win32analyser.c(619): warning C4047: "Funktion": Anzahl der Dereferenzierungen bei "DWORD" und "void *" unterschiedlich
d:\_projekte\checkdotnet\win32_loader_analyser\win32analyser.c(619): warning C4024: "RegistryGetValue": unterschiedliche Typen für formalen und übergebenen Parameter 4
d:\_projekte\checkdotnet\win32_loader_analyser\win32analyser.c(753): warning C4101: "szOutputString": Unreferenzierte lokale Variable
d:\_projekte\checkdotnet\win32_loader_analyser\win32analyser.c(752): warning C4101: "szMessage": Unreferenzierte lokale Variable
  Win32_Loader.vcxproj -> D:\_Projekte\CheckDotNet\Debug\Win32_Loader.exe
